<?xml version="1.0" encoding="UTF-8"?>
<testng-results skipped="0" failed="0" ignored="0" total="1" passed="1">
  <reporter-output>
  </reporter-output>
  <suite name="Default suite" duration-ms="10506" started-at="2022-06-08T11:59:51 EDT" finished-at="2022-06-08T12:00:01 EDT">
    <groups>
    </groups>
    <test name="Default test" duration-ms="10506" started-at="2022-06-08T11:59:51 EDT" finished-at="2022-06-08T12:00:01 EDT">
      <class name="assignmentJenkin.VariousConcepts">
        <test-method status="PASS" signature="config()[pri:0, instance:assignmentJenkin.VariousConcepts@436e852b]" name="config" is-config="true" duration-ms="11" started-at="2022-06-08T11:59:51 EDT" finished-at="2022-06-08T11:59:51 EDT">
          <reporter-output>
          </reporter-output>
        </test-method> <!-- config -->
        <test-method status="PASS" signature="init()[pri:0, instance:assignmentJenkin.VariousConcepts@436e852b]" name="init" is-config="true" duration-ms="3503" started-at="2022-06-08T11:59:51 EDT" finished-at="2022-06-08T11:59:54 EDT">
          <reporter-output>
          </reporter-output>
        </test-method> <!-- init -->
        <test-method status="PASS" signature="loginTest()[pri:0, instance:assignmentJenkin.VariousConcepts@436e852b]" name="loginTest" duration-ms="6268" started-at="2022-06-08T11:59:54 EDT" finished-at="2022-06-08T12:00:01 EDT">
          <reporter-output>
          </reporter-output>
        </test-method> <!-- loginTest -->
        <test-method status="PASS" signature="burnDown()[pri:0, instance:assignmentJenkin.VariousConcepts@436e852b]" name="burnDown" is-config="true" duration-ms="681" started-at="2022-06-08T12:00:01 EDT" finished-at="2022-06-08T12:00:01 EDT">
          <reporter-output>
          </reporter-output>
        </test-method> <!-- burnDown -->
      </class> <!-- assignmentJenkin.VariousConcepts -->
    </test> <!-- Default test -->
  </suite> <!-- Default suite -->
</testng-results>
